# JRE version: OpenJDK Runtime Environment Temurin-11.0.16.1+1 (11.0.16.1+1) (build 11.0.16.1+1)
# Java VM: OpenJDK 64-Bit Server VM Temurin-11.0.16.1+1 (11.0.16.1+1, mixed mode, tiered, compressed oops, g1 gc, windows-amd64)
Heap:
 garbage-first heap   total 78848K, used 28387K [0x00000000c1e00000, 0x0000000100000000)
  region size 1024K, 4 young (4096K), 1 survivors (1024K)
 Metaspace       used 64369K, capacity 66750K, committed 66896K, reserved 1105920K
  class space    used 8672K, capacity 9612K, committed 9728K, reserved 1048576K
GC Heap History (20 events):
Event: 6.155 GC heap before
{Heap before GC invocations=13 (full 0):
 garbage-first heap   total 95232K, used 60477K [0x00000000c1e00000, 0x0000000100000000)
  region size 1024K, 46 young (47104K), 4 survivors (4096K)
 Metaspace       used 47626K, capacity 49185K, committed 49488K, reserved 1091584K
  class space    used 6178K, capacity 6819K, committed 6912K, reserved 1048576K
}
Event: 6.162 GC heap after
{Heap after GC invocations=14 (full 0):
 garbage-first heap   total 95232K, used 19434K [0x00000000c1e00000, 0x0000000100000000)
  region size 1024K, 3 young (3072K), 3 survivors (3072K)
 Metaspace       used 47626K, capacity 49185K, committed 49488K, reserved 1091584K
  class space    used 6178K, capacity 6819K, committed 6912K, reserved 1048576K
}
Event: 7.521 GC heap before
{Heap before GC invocations=14 (full 0):
 garbage-first heap   total 95232K, used 63466K [0x00000000c1e00000, 0x0000000100000000)
  region size 1024K, 46 young (47104K), 3 survivors (3072K)
 Metaspace       used 56522K, capacity 58224K, committed 58320K, reserved 1099776K
  class space    used 7588K, capacity 8257K, committed 8320K, reserved 1048576K
}
Event: 7.526 GC heap after
{Heap after GC invocations=15 (full 0):
 garbage-first heap   total 95232K, used 20861K [0x00000000c1e00000, 0x0000000100000000)
  region size 1024K, 5 young (5120K), 5 survivors (5120K)
 Metaspace       used 56522K, capacity 58224K, committed 58320K, reserved 1099776K
  class space    used 7588K, capacity 8257K, committed 8320K, reserved 1048576K
}
Event: 8.553 GC heap before
{Heap before GC invocations=15 (full 0):
 garbage-first heap   total 95232K, used 64893K [0x00000000c1e00000, 0x0000000100000000)
  region size 1024K, 48 young (49152K), 5 survivors (5120K)
 Metaspace       used 61362K, capacity 63358K, committed 63440K, reserved 1103872K
  class space    used 8261K, capacity 9053K, committed 9088K, reserved 1048576K
}
Event: 8.561 GC heap after
{Heap after GC invocations=16 (full 0):
 garbage-first heap   total 95232K, used 23721K [0x00000000c1e00000, 0x0000000100000000)
  region size 1024K, 5 young (5120K), 5 survivors (5120K)
 Metaspace       used 61362K, capacity 63358K, committed 63440K, reserved 1103872K
  class space    used 8261K, capacity 9053K, committed 9088K, reserved 1048576K
}
Event: 106.510 GC heap before
{Heap before GC invocations=16 (full 0):
 garbage-first heap   total 95232K, used 56489K [0x00000000c1e00000, 0x0000000100000000)
  region size 1024K, 38 young (38912K), 5 survivors (5120K)
 Metaspace       used 63922K, capacity 66069K, committed 66128K, reserved 1105920K
  class space    used 8617K, capacity 9462K, committed 9472K, reserved 1048576K
}
Event: 106.562 GC heap after
{Heap after GC invocations=17 (full 1):
 garbage-first heap   total 78848K, used 21409K [0x00000000c1e00000, 0x0000000100000000)
  region size 1024K, 0 young (0K), 0 survivors (0K)
 Metaspace       used 63922K, capacity 66069K, committed 66128K, reserved 1105920K
  class space    used 8617K, capacity 9462K, committed 9472K, reserved 1048576K
}
Event: 107.003 GC heap before
{Heap before GC invocations=17 (full 1):
 garbage-first heap   total 78848K, used 58273K [0x00000000c1e00000, 0x0000000100000000)
  region size 1024K, 36 young (36864K), 0 survivors (0K)
 Metaspace       used 63972K, capacity 66167K, committed 66384K, reserved 1105920K
  class space    used 8627K, capacity 9472K, committed 9472K, reserved 1048576K
}
Event: 107.005 GC heap after
{Heap after GC invocations=18 (full 1):
 garbage-first heap   total 78848K, used 23457K [0x00000000c1e00000, 0x0000000100000000)
  region size 1024K, 2 young (2048K), 2 survivors (2048K)
 Metaspace       used 63972K, capacity 66167K, committed 66384K, reserved 1105920K
  class space    used 8627K, capacity 9472K, committed 9472K, reserved 1048576K
}
Event: 107.446 GC heap before
{Heap before GC invocations=18 (full 1):
 garbage-first heap   total 78848K, used 59297K [0x00000000c1e00000, 0x0000000100000000)
  region size 1024K, 37 young (37888K), 2 survivors (2048K)
 Metaspace       used 64134K, capacity 66374K, committed 66512K, reserved 1105920K
  class space    used 8642K, capacity 9516K, committed 9600K, reserved 1048576K
}
Event: 107.450 GC heap after
{Heap after GC invocations=19 (full 1):
 garbage-first heap   total 78848K, used 25621K [0x00000000c1e00000, 0x0000000100000000)
  region size 1024K, 5 young (5120K), 5 survivors (5120K)
 Metaspace       used 64134K, capacity 66374K, committed 66512K, reserved 1105920K
  class space    used 8642K, capacity 9516K, committed 9600K, reserved 1048576K
}
Event: 115.107 GC heap before
{Heap before GC invocations=19 (full 1):
 garbage-first heap   total 78848K, used 30741K [0x00000000c1e00000, 0x0000000100000000)
  region size 1024K, 12 young (12288K), 5 survivors (5120K)
 Metaspace       used 64145K, capacity 66421K, committed 66512K, reserved 1105920K
  class space    used 8646K, capacity 9552K, committed 9600K, reserved 1048576K
}
Event: 115.156 GC heap after
{Heap after GC invocations=20 (full 2):
 garbage-first heap   total 78848K, used 21707K [0x00000000c1e00000, 0x0000000100000000)
  region size 1024K, 0 young (0K), 0 survivors (0K)
 Metaspace       used 64143K, capacity 66415K, committed 66512K, reserved 1105920K
  class space    used 8646K, capacity 9550K, committed 9600K, reserved 1048576K
}
Event: 115.444 GC heap before
{Heap before GC invocations=20 (full 2):
 garbage-first heap   total 78848K, used 57547K [0x00000000c1e00000, 0x0000000100000000)
  region size 1024K, 36 young (36864K), 0 survivors (0K)
 Metaspace       used 64195K, capacity 66519K, committed 66768K, reserved 1105920K
  class space    used 8655K, capacity 9561K, committed 9600K, reserved 1048576K
}
Event: 115.446 GC heap after
{Heap after GC invocations=21 (full 2):
 garbage-first heap   total 78848K, used 23755K [0x00000000c1e00000, 0x0000000100000000)
  region size 1024K, 2 young (2048K), 2 survivors (2048K)
 Metaspace       used 64195K, capacity 66519K, committed 66768K, reserved 1105920K
  class space    used 8655K, capacity 9561K, committed 9600K, reserved 1048576K
}
Event: 115.856 GC heap before
{Heap before GC invocations=21 (full 2):
 garbage-first heap   total 78848K, used 60619K [0x00000000c1e00000, 0x0000000100000000)
  region size 1024K, 38 young (38912K), 2 survivors (2048K)
 Metaspace       used 64364K, capacity 66741K, committed 66896K, reserved 1105920K
  class space    used 8671K, capacity 9609K, committed 9728K, reserved 1048576K
}
Event: 115.859 GC heap after
{Heap after GC invocations=22 (full 2):
 garbage-first heap   total 78848K, used 26023K [0x00000000c1e00000, 0x0000000100000000)
  region size 1024K, 5 young (5120K), 5 survivors (5120K)
 Metaspace       used 64364K, capacity 66741K, committed 66896K, reserved 1105920K
  class space    used 8671K, capacity 9609K, committed 9728K, reserved 1048576K
}
Event: 1638.389 GC heap before
{Heap before GC invocations=22 (full 2):
 garbage-first heap   total 78848K, used 60839K [0x00000000c1e00000, 0x0000000100000000)
  region size 1024K, 39 young (39936K), 5 survivors (5120K)
 Metaspace       used 64366K, capacity 66744K, committed 66896K, reserved 1105920K
  class space    used 8671K, capacity 9610K, committed 9728K, reserved 1048576K
}
Event: 1638.836 GC heap after
{Heap after GC invocations=23 (full 2):
 garbage-first heap   total 78848K, used 26339K [0x00000000c1e00000, 0x0000000100000000)
  region size 1024K, 1 young (1024K), 1 survivors (1024K)
 Metaspace       used 64366K, capacity 66744K, committed 66896K, reserved 1105920K
  class space    used 8671K, capacity 9610K, committed 9728K, reserved 1048576K
}

